<?xml version="1.0" encoding="UTF-8"?>
<testsuite name="com.bridgelabz.userRegistration.UserRegistrationTestForPassword" tests="1" skipped="0" failures="0" errors="0" timestamp="2019-11-25T10:40:30" hostname="mohit-Inspiron-15-3567" time="0.002">
  <properties/>
  <testcase name="givenPassword_WhenProper_ShouldReturnTrue[0]" classname="com.bridgelabz.userRegistration.UserRegistrationTestForPassword" time="0.002"/>
  <system-out><![CDATA[]]></system-out>
  <system-err><![CDATA[]]></system-err>
</testsuite>
